<?xml version="1.0" encoding="UTF-8"?>
<beans xmlns="http://www.springframework.org/schema/beans" xmlns:xsi="http://www.w3.org/2001/XMLSchema-instance"
       xmlns:utils="http://www.springframework.org/schema/util"
       xsi:schemaLocation="http://www.springframework.org/schema/beans http://www.springframework.org/schema/beans/spring-beans-4.0.xsd
				  http://www.springframework.org/schema/util http://www.springframework.org/schema/util/spring-util.xsd">

   
    <bean id="applicationPropertyPlaceholderConfigurer"
          class="org.springframework.beans.factory.config.PropertyPlaceholderConfigurer">
        <property name="properties" ref="applicationProperties"/>
        <property name="ignoreUnresolvablePlaceholders" value="true"/>
        <property name="systemPropertiesModeName" value="SYSTEM_PROPERTIES_MODE_OVERRIDE"/>
    </bean>

    <bean id="applicationProperties" class="org.springframework.beans.factory.config.PropertiesFactoryBean">
        <property name="singleton" value="true"/>
        <property name="ignoreResourceNotFound" value="true"/>
        <property name="locations" ref="configurationLocations">
        </property>
    </bean>

    <utils:list id="configurationLocations">
        <value>classpath:configuration/common-dao.properties</value>
        <value>classpath:configuration/common-test-dao.properties</value>
        <value>classpath:configuration/test-dao.properties</value>
    </utils:list>
	
</beans>