<?xml version="1.0" encoding="UTF-8"?>
<beans xmlns="http://www.springframework.org/schema/beans"
       xmlns:xsi="http://www.w3.org/2001/XMLSchema-instance"
       xmlns:utils="http://www.springframework.org/schema/util"
       xsi:schemaLocation="http://www.springframework.org/schema/beans http://www.springframework.org/schema/beans/spring-beans-4.0.xsd
				http://www.springframework.org/schema/util http://www.springframework.org/schema/util/spring-util.xsd">

    <import resource="classpath:spring/dao-context.xml"/>
    <import resource="classpath:spring/test-configuration-context.xml"/>

    <utils:list id="configurationLocations">
        <value>classpath:configuration/dao.properties</value>
        <value>classpath:configuration/test-dao.properties</value>
    </utils:list>

</beans>